0 silly argv {
0 silly argv   _: [ 'version' ],
0 silly argv   'conventional-commits': true,
0 silly argv   conventionalCommits: true,
0 silly argv   yes: true,
0 silly argv   y: true,
0 silly argv   lernaVersion: '3.22.1',
0 silly argv   '$0': 'node_modules\\lerna\\cli.js'
0 silly argv }
1 notice cli v3.22.1
2 verbose rootPath C:\Users\sasha\Desktop\WMF\nested
3 info current version 0.0.0
4 silly isAnythingCommitted
5 verbose isAnythingCommitted 1
6 silly currentBranch
7 verbose currentBranch master
8 silly remoteBranchExists
9 silly isBehindUpstream
10 error Error: Command failed: git remote update
10 error fatal: 'origin' does not appear to be a git repository
10 error fatal: Could not read from remote repository.
10 error
10 error Please make sure you have the correct access rights
10 error and the repository exists.
10 error error: could not fetch master
10 error
10 error Fetching master
10 error Fetching origin
10 error
10 error     at makeError (C:\Users\sasha\Desktop\WMF\nested\node_modules\execa\index.js:174:9)
10 error     at Function.module.exports.sync (C:\Users\sasha\Desktop\WMF\nested\node_modules\execa\index.js:338:15)
10 error     at Object.execSync (C:\Users\sasha\Desktop\WMF\nested\node_modules\@lerna\child-process\index.js:26:16)
10 error     at updateRemote (C:\Users\sasha\Desktop\WMF\nested\node_modules\@lerna\version\lib\is-behind-upstream.js:26:16)
10 error     at isBehindUpstream (C:\Users\sasha\Desktop\WMF\nested\node_modules\@lerna\version\lib\is-behind-upstream.js:11:3)
10 error     at VersionCommand.initialize (C:\Users\sasha\Desktop\WMF\nested\node_modules\@lerna\version\index.js:154:9)
